<?xml version="1.0" encoding="UTF-8"?>
<!-- Generated by org.testng.reporters.JUnitReportReporter -->
<testsuite skipped="0" hostname="DESKTOP-6UHVP5N" name="com.internetapp.tests.CucumberRunner" tests="2" failures="0" timestamp="2020-06-19T16:46:54 IST" time="30.422" errors="0">
  <testcase name="scenario" time="15.555" classname="com.internetapp.tests.CucumberRunner"/>
  <system-out/>
  <testcase name="scenario" time="14.867" classname="com.internetapp.tests.CucumberRunner"/>
  <system-out/>
</testsuite> <!-- com.internetapp.tests.CucumberRunner -->
