<?xml version="1.0" encoding="UTF-8"?>
<!-- Generated by org.testng.reporters.JUnitReportReporter -->
<testsuite skipped="0" hostname="DESKTOP-6UHVP5N" name="com.api.CucumberRunner" tests="11" failures="0" timestamp="2020-08-06T12:44:07 IST" time="151.586" errors="0">
  <testcase name="scenario" time="5.611" classname="com.api.CucumberRunner"/>
  <system-out/>
  <testcase name="scenario" time="7.934" classname="com.api.CucumberRunner"/>
  <system-out/>
  <testcase name="scenario" time="17.672" classname="com.api.CucumberRunner"/>
  <system-out/>
  <testcase name="scenario" time="18.447" classname="com.api.CucumberRunner"/>
  <system-out/>
  <testcase name="scenario" time="18.032" classname="com.api.CucumberRunner"/>
  <system-out/>
  <testcase name="scenario" time="9.904" classname="com.api.CucumberRunner"/>
  <system-out/>
  <testcase name="scenario" time="17.473" classname="com.api.CucumberRunner"/>
  <system-out/>
  <testcase name="scenario" time="19.649" classname="com.api.CucumberRunner"/>
  <system-out/>
  <testcase name="scenario" time="9.854" classname="com.api.CucumberRunner"/>
  <system-out/>
  <testcase name="scenario" time="17.428" classname="com.api.CucumberRunner"/>
  <system-out/>
  <testcase name="scenario" time="9.582" classname="com.api.CucumberRunner"/>
  <system-out/>
</testsuite> <!-- com.api.CucumberRunner -->
