<?xml version="1.0" encoding="UTF-8"?>
<!-- Generated by org.testng.reporters.JUnitReportReporter -->
<testsuite skipped="0" hostname="DESKTOP-6UHVP5N" name="com.api.service.Initiate_the_cardAuth_access_API_with_valid_fields_and_verify_the_Expected_Result" tests="1" failures="0" timestamp="2020-07-07T15:53:04 IST" time="94.897" errors="0">
  <testcase name="givenValidDetails_Create_PetData_Check_StatusCode200" time="94.897" classname="com.api.service.Initiate_the_cardAuth_access_API_with_valid_fields_and_verify_the_Expected_Result"/>
  <system-out/>
</testsuite> <!-- com.api.service.Initiate_the_cardAuth_access_API_with_valid_fields_and_verify_the_Expected_Result -->
